<?xml version="1.0" encoding="UTF-8"?>
<!-- Generated by org.testng.reporters.JUnitReportReporter -->
<testsuite hostname="LAPTOP-6PIMU9HN" failures="0" tests="2" name="com.henz.joel.testcases.LoginPageTest" time="40.245" errors="0" timestamp="2022-09-25T12:04:25 MESZ" skipped="0">
  <testcase classname="com.henz.joel.testcases.LoginPageTest" name="performLogin" time="25.417"/>
  <system-out/>
  <testcase classname="com.henz.joel.testcases.LoginPageTest" name="loginPageTitleTest" time="14.828"/>
  <system-out/>
</testsuite> <!-- com.henz.joel.testcases.LoginPageTest -->
